1752574455.019407 client started (24778): version 3.5a, socket /private/tmp/tmux-501/default, protocol 8
1752574455.019483 on Darwin 24.5.0 Darwin Kernel Version 24.5.0: Tue Apr 22 19:54:43 PDT 2025; root:xnu-11417.121.6~2/RELEASE_ARM64_T8132
1752574455.019497 using libevent 2.1.12-stable select
1752574455.020097 using utf8proc 2.10.0
1752574455.020112 using ncurses 6.5 20240427
1752574455.020137 flags are 0x18010000
1752574455.020145 socket is /private/tmp/tmux-501/default
1752574455.020155 trying connect
1752574455.020200 add peer 0x128008000: 6 (0x0)
1752574455.022641 sending message 111 to peer 0x128008000 (8 bytes)
1752574455.022656 sending message 111 to peer 0x128008000 (8 bytes)
1752574455.022662 sending message 101 to peer 0x128008000 (15 bytes)
1752574455.022667 sending message 109 to peer 0x128008000 (4 bytes)
1752574455.022672 sending message 102 to peer 0x128008000 (13 bytes)
1752574455.022677 sending message 108 to peer 0x128008000 (22 bytes)
1752574455.022682 sending message 112 to peer 0x128008000 (58 bytes)
1752574455.022686 sending message 112 to peer 0x128008000 (5 bytes)
1752574455.022691 sending message 112 to peer 0x128008000 (5 bytes)
1752574455.022696 sending message 112 to peer 0x128008000 (6 bytes)
1752574455.022700 sending message 112 to peer 0x128008000 (6 bytes)
1752574455.022705 sending message 112 to peer 0x128008000 (11 bytes)
1752574455.022709 sending message 112 to peer 0x128008000 (10 bytes)
1752574455.022714 sending message 112 to peer 0x128008000 (13 bytes)
1752574455.022718 sending message 112 to peer 0x128008000 (14 bytes)
1752574455.022723 sending message 112 to peer 0x128008000 (19 bytes)
1752574455.022727 sending message 112 to peer 0x128008000 (11 bytes)
1752574455.022732 sending message 112 to peer 0x128008000 (10 bytes)
1752574455.022736 sending message 112 to peer 0x128008000 (15 bytes)
1752574455.022741 sending message 112 to peer 0x128008000 (21 bytes)
1752574455.022745 sending message 112 to peer 0x128008000 (13 bytes)
1752574455.022749 sending message 112 to peer 0x128008000 (7 bytes)
1752574455.022754 sending message 112 to peer 0x128008000 (13 bytes)
1752574455.022758 sending message 112 to peer 0x128008000 (7 bytes)
1752574455.022763 sending message 112 to peer 0x128008000 (13 bytes)
1752574455.022767 sending message 112 to peer 0x128008000 (9 bytes)
1752574455.022771 sending message 112 to peer 0x128008000 (21 bytes)
1752574455.022776 sending message 112 to peer 0x128008000 (13 bytes)
1752574455.022780 sending message 112 to peer 0x128008000 (9 bytes)
1752574455.022785 sending message 112 to peer 0x128008000 (16 bytes)
1752574455.022789 sending message 112 to peer 0x128008000 (13 bytes)
1752574455.022793 sending message 112 to peer 0x128008000 (9 bytes)
1752574455.022798 sending message 112 to peer 0x128008000 (9 bytes)
1752574455.022802 sending message 112 to peer 0x128008000 (12 bytes)
1752574455.022807 sending message 112 to peer 0x128008000 (8 bytes)
1752574455.022811 sending message 112 to peer 0x128008000 (8 bytes)
1752574455.022815 sending message 112 to peer 0x128008000 (13 bytes)
1752574455.022820 sending message 112 to peer 0x128008000 (7 bytes)
1752574455.022824 sending message 112 to peer 0x128008000 (7 bytes)
1752574455.022829 sending message 112 to peer 0x128008000 (9 bytes)
1752574455.022833 sending message 112 to peer 0x128008000 (9 bytes)
1752574455.022837 sending message 112 to peer 0x128008000 (15 bytes)
1752574455.022842 sending message 112 to peer 0x128008000 (13 bytes)
1752574455.022846 sending message 112 to peer 0x128008000 (12 bytes)
1752574455.022850 sending message 112 to peer 0x128008000 (8 bytes)
1752574455.022855 sending message 112 to peer 0x128008000 (14 bytes)
1752574455.022859 sending message 112 to peer 0x128008000 (11 bytes)
1752574455.022864 sending message 112 to peer 0x128008000 (9 bytes)
1752574455.022868 sending message 112 to peer 0x128008000 (10 bytes)
1752574455.022872 sending message 112 to peer 0x128008000 (10 bytes)
1752574455.022877 sending message 112 to peer 0x128008000 (10 bytes)
1752574455.022881 sending message 112 to peer 0x128008000 (10 bytes)
1752574455.022896 sending message 112 to peer 0x128008000 (11 bytes)
1752574455.022899 sending message 112 to peer 0x128008000 (12 bytes)
1752574455.022903 sending message 112 to peer 0x128008000 (12 bytes)
1752574455.022906 sending message 112 to peer 0x128008000 (12 bytes)
1752574455.022909 sending message 112 to peer 0x128008000 (12 bytes)
1752574455.022913 sending message 112 to peer 0x128008000 (12 bytes)
1752574455.022916 sending message 112 to peer 0x128008000 (11 bytes)
1752574455.022919 sending message 112 to peer 0x128008000 (11 bytes)
1752574455.022923 sending message 112 to peer 0x128008000 (12 bytes)
1752574455.022926 sending message 112 to peer 0x128008000 (12 bytes)
1752574455.022929 sending message 112 to peer 0x128008000 (12 bytes)
1752574455.022933 sending message 112 to peer 0x128008000 (12 bytes)
1752574455.022936 sending message 112 to peer 0x128008000 (12 bytes)
1752574455.022939 sending message 112 to peer 0x128008000 (9 bytes)
1752574455.022942 sending message 112 to peer 0x128008000 (12 bytes)
1752574455.022946 sending message 112 to peer 0x128008000 (13 bytes)
1752574455.022949 sending message 112 to peer 0x128008000 (13 bytes)
1752574455.022952 sending message 112 to peer 0x128008000 (13 bytes)
1752574455.022955 sending message 112 to peer 0x128008000 (13 bytes)
1752574455.022958 sending message 112 to peer 0x128008000 (13 bytes)
1752574455.022962 sending message 112 to peer 0x128008000 (8 bytes)
1752574455.022965 sending message 112 to peer 0x128008000 (11 bytes)
1752574455.022968 sending message 112 to peer 0x128008000 (11 bytes)
1752574455.022971 sending message 112 to peer 0x128008000 (11 bytes)
1752574455.022975 sending message 112 to peer 0x128008000 (12 bytes)
1752574455.022978 sending message 112 to peer 0x128008000 (12 bytes)
1752574455.022981 sending message 112 to peer 0x128008000 (12 bytes)
1752574455.022984 sending message 112 to peer 0x128008000 (12 bytes)
1752574455.022987 sending message 112 to peer 0x128008000 (13 bytes)
1752574455.022990 sending message 112 to peer 0x128008000 (13 bytes)
1752574455.022994 sending message 112 to peer 0x128008000 (13 bytes)
1752574455.022997 sending message 112 to peer 0x128008000 (8 bytes)
1752574455.023000 sending message 112 to peer 0x128008000 (13 bytes)
1752574455.023003 sending message 112 to peer 0x128008000 (13 bytes)
1752574455.023006 sending message 112 to peer 0x128008000 (13 bytes)
1752574455.023010 sending message 112 to peer 0x128008000 (13 bytes)
1752574455.023013 sending message 112 to peer 0x128008000 (13 bytes)
1752574455.023016 sending message 112 to peer 0x128008000 (12 bytes)
1752574455.023019 sending message 112 to peer 0x128008000 (12 bytes)
1752574455.023022 sending message 112 to peer 0x128008000 (12 bytes)
1752574455.023026 sending message 112 to peer 0x128008000 (12 bytes)
1752574455.023029 sending message 112 to peer 0x128008000 (13 bytes)
1752574455.023032 sending message 112 to peer 0x128008000 (8 bytes)
1752574455.023035 sending message 112 to peer 0x128008000 (13 bytes)
1752574455.023038 sending message 112 to peer 0x128008000 (13 bytes)
1752574455.023042 sending message 112 to peer 0x128008000 (13 bytes)
1752574455.023045 sending message 112 to peer 0x128008000 (13 bytes)
1752574455.023048 sending message 112 to peer 0x128008000 (13 bytes)
1752574455.023051 sending message 112 to peer 0x128008000 (13 bytes)
1752574455.023054 sending message 112 to peer 0x128008000 (13 bytes)
1752574455.023057 sending message 112 to peer 0x128008000 (12 bytes)
1752574455.023060 sending message 112 to peer 0x128008000 (12 bytes)
1752574455.023063 sending message 112 to peer 0x128008000 (12 bytes)
1752574455.023067 sending message 112 to peer 0x128008000 (8 bytes)
1752574455.023070 sending message 112 to peer 0x128008000 (12 bytes)
1752574455.023073 sending message 112 to peer 0x128008000 (13 bytes)
1752574455.023076 sending message 112 to peer 0x128008000 (13 bytes)
1752574455.023079 sending message 112 to peer 0x128008000 (13 bytes)
1752574455.023083 sending message 112 to peer 0x128008000 (13 bytes)
1752574455.023092 sending message 112 to peer 0x128008000 (13 bytes)
1752574455.023096 sending message 112 to peer 0x128008000 (13 bytes)
1752574455.023099 sending message 112 to peer 0x128008000 (13 bytes)
1752574455.023102 sending message 112 to peer 0x128008000 (13 bytes)
1752574455.023105 sending message 112 to peer 0x128008000 (12 bytes)
1752574455.023108 sending message 112 to peer 0x128008000 (10 bytes)
1752574455.023112 sending message 112 to peer 0x128008000 (12 bytes)
1752574455.023115 sending message 112 to peer 0x128008000 (12 bytes)
1752574455.023118 sending message 112 to peer 0x128008000 (12 bytes)
1752574455.023121 sending message 112 to peer 0x128008000 (13 bytes)
1752574455.023125 sending message 112 to peer 0x128008000 (13 bytes)
1752574455.023128 sending message 112 to peer 0x128008000 (13 bytes)
1752574455.023131 sending message 112 to peer 0x128008000 (13 bytes)
1752574455.023134 sending message 112 to peer 0x128008000 (13 bytes)
1752574455.023137 sending message 112 to peer 0x128008000 (13 bytes)
1752574455.023141 sending message 112 to peer 0x128008000 (13 bytes)
1752574455.023144 sending message 112 to peer 0x128008000 (10 bytes)
1752574455.023147 sending message 112 to peer 0x128008000 (13 bytes)
1752574455.023150 sending message 112 to peer 0x128008000 (12 bytes)
1752574455.023153 sending message 112 to peer 0x128008000 (12 bytes)
1752574455.023156 sending message 112 to peer 0x128008000 (12 bytes)
1752574455.023160 sending message 112 to peer 0x128008000 (10 bytes)
1752574455.023163 sending message 112 to peer 0x128008000 (10 bytes)
1752574455.023166 sending message 112 to peer 0x128008000 (10 bytes)
1752574455.023169 sending message 112 to peer 0x128008000 (12 bytes)
1752574455.023172 sending message 112 to peer 0x128008000 (13 bytes)
1752574455.023176 sending message 112 to peer 0x128008000 (13 bytes)
1752574455.023179 sending message 112 to peer 0x128008000 (13 bytes)
1752574455.023182 sending message 112 to peer 0x128008000 (13 bytes)
1752574455.023185 sending message 112 to peer 0x128008000 (13 bytes)
1752574455.023188 sending message 112 to peer 0x128008000 (10 bytes)
1752574455.023191 sending message 112 to peer 0x128008000 (11 bytes)
1752574455.023194 sending message 112 to peer 0x128008000 (12 bytes)
1752574455.023197 sending message 112 to peer 0x128008000 (12 bytes)
1752574455.023201 sending message 112 to peer 0x128008000 (12 bytes)
1752574455.023204 sending message 112 to peer 0x128008000 (12 bytes)
1752574455.023207 sending message 112 to peer 0x128008000 (12 bytes)
1752574455.023210 sending message 112 to peer 0x128008000 (11 bytes)
1752574455.023213 sending message 112 to peer 0x128008000 (12 bytes)
1752574455.023216 sending message 112 to peer 0x128008000 (12 bytes)
1752574455.023219 sending message 112 to peer 0x128008000 (13 bytes)
1752574455.023222 sending message 112 to peer 0x128008000 (13 bytes)
1752574455.023225 sending message 112 to peer 0x128008000 (13 bytes)
1752574455.023228 sending message 112 to peer 0x128008000 (13 bytes)
1752574455.023232 sending message 112 to peer 0x128008000 (13 bytes)
1752574455.023235 sending message 112 to peer 0x128008000 (10 bytes)
1752574455.023238 sending message 112 to peer 0x128008000 (9 bytes)
1752574455.023241 sending message 112 to peer 0x128008000 (12 bytes)
1752574455.023244 sending message 112 to peer 0x128008000 (13 bytes)
1752574455.023247 sending message 112 to peer 0x128008000 (13 bytes)
1752574455.023250 sending message 112 to peer 0x128008000 (13 bytes)
1752574455.023253 sending message 112 to peer 0x128008000 (13 bytes)
1752574455.023257 sending message 112 to peer 0x128008000 (13 bytes)
1752574455.023260 sending message 112 to peer 0x128008000 (9 bytes)
1752574455.023263 sending message 112 to peer 0x128008000 (12 bytes)
1752574455.023266 sending message 112 to peer 0x128008000 (13 bytes)
1752574455.023269 sending message 112 to peer 0x128008000 (13 bytes)
1752574455.023272 sending message 112 to peer 0x128008000 (13 bytes)
1752574455.023275 sending message 112 to peer 0x128008000 (13 bytes)
1752574455.023278 sending message 112 to peer 0x128008000 (13 bytes)
1752574455.023286 sending message 112 to peer 0x128008000 (11 bytes)
1752574455.023290 sending message 112 to peer 0x128008000 (12 bytes)
1752574455.023293 sending message 112 to peer 0x128008000 (13 bytes)
1752574455.023296 sending message 112 to peer 0x128008000 (13 bytes)
1752574455.023299 sending message 112 to peer 0x128008000 (13 bytes)
1752574455.023303 sending message 112 to peer 0x128008000 (13 bytes)
1752574455.023306 sending message 112 to peer 0x128008000 (13 bytes)
1752574455.023309 sending message 112 to peer 0x128008000 (11 bytes)
1752574455.023312 sending message 112 to peer 0x128008000 (12 bytes)
1752574455.023315 sending message 112 to peer 0x128008000 (12 bytes)
1752574455.023318 sending message 112 to peer 0x128008000 (12 bytes)
1752574455.023322 sending message 112 to peer 0x128008000 (12 bytes)
1752574455.023325 sending message 112 to peer 0x128008000 (12 bytes)
1752574455.023328 sending message 112 to peer 0x128008000 (21 bytes)
1752574455.023331 sending message 112 to peer 0x128008000 (12 bytes)
1752574455.023334 sending message 112 to peer 0x128008000 (9 bytes)
1752574455.023338 sending message 112 to peer 0x128008000 (6 bytes)
1752574455.023341 sending message 112 to peer 0x128008000 (13 bytes)
1752574455.023344 sending message 112 to peer 0x128008000 (10 bytes)
1752574455.023347 sending message 112 to peer 0x128008000 (15 bytes)
1752574455.023350 sending message 112 to peer 0x128008000 (13 bytes)
1752574455.023353 sending message 112 to peer 0x128008000 (9 bytes)
1752574455.023357 sending message 112 to peer 0x128008000 (70 bytes)
1752574455.023360 sending message 112 to peer 0x128008000 (69 bytes)
1752574455.023363 sending message 112 to peer 0x128008000 (12 bytes)
1752574455.023366 sending message 112 to peer 0x128008000 (10 bytes)
1752574455.023369 sending message 112 to peer 0x128008000 (10 bytes)
1752574455.023372 sending message 112 to peer 0x128008000 (15 bytes)
1752574455.023375 sending message 112 to peer 0x128008000 (13 bytes)
1752574455.023378 sending message 112 to peer 0x128008000 (10 bytes)
1752574455.023382 sending message 112 to peer 0x128008000 (10 bytes)
1752574455.023385 sending message 112 to peer 0x128008000 (13 bytes)
1752574455.023388 sending message 112 to peer 0x128008000 (15 bytes)
1752574455.023391 sending message 112 to peer 0x128008000 (5 bytes)
1752574455.023395 sending message 104 to peer 0x128008000 (0 bytes)
1752574455.023399 sending message 110 to peer 0x128008000 (0 bytes)
1752574455.023402 sending message 107 to peer 0x128008000 (4 bytes)
1752574455.023405 sending message 105 to peer 0x128008000 (17 bytes)
1752574455.023408 sending message 105 to peer 0x128008000 (16 bytes)
1752574455.023411 sending message 105 to peer 0x128008000 (24 bytes)
1752574455.023415 sending message 105 to peer 0x128008000 (22 bytes)
1752574455.023418 sending message 105 to peer 0x128008000 (42 bytes)
1752574455.023421 sending message 105 to peer 0x128008000 (524 bytes)
1752574455.023425 sending message 105 to peer 0x128008000 (23 bytes)
1752574455.023428 sending message 105 to peer 0x128008000 (15 bytes)
1752574455.023431 sending message 105 to peer 0x128008000 (54 bytes)
1752574455.023434 sending message 105 to peer 0x128008000 (38 bytes)
1752574455.023437 sending message 105 to peer 0x128008000 (19 bytes)
1752574455.023440 sending message 105 to peer 0x128008000 (66 bytes)
1752574455.023443 sending message 105 to peer 0x128008000 (14 bytes)
1752574455.023447 sending message 105 to peer 0x128008000 (19 bytes)
1752574455.023450 sending message 105 to peer 0x128008000 (57 bytes)
1752574455.023453 sending message 105 to peer 0x128008000 (39 bytes)
1752574455.023456 sending message 105 to peer 0x128008000 (8 bytes)
1752574455.023459 sending message 105 to peer 0x128008000 (26 bytes)
1752574455.023462 sending message 105 to peer 0x128008000 (29 bytes)
1752574455.023466 sending message 105 to peer 0x128008000 (36 bytes)
1752574455.023469 sending message 105 to peer 0x128008000 (24 bytes)
1752574455.023472 sending message 105 to peer 0x128008000 (116 bytes)
1752574455.023482 sending message 105 to peer 0x128008000 (53 bytes)
1752574455.023486 sending message 105 to peer 0x128008000 (14 bytes)
1752574455.023489 sending message 105 to peer 0x128008000 (212 bytes)
1752574455.023492 sending message 105 to peer 0x128008000 (166 bytes)
1752574455.023495 sending message 105 to peer 0x128008000 (156 bytes)
1752574455.023499 sending message 105 to peer 0x128008000 (63 bytes)
1752574455.023502 sending message 105 to peer 0x128008000 (131 bytes)
1752574455.023505 sending message 105 to peer 0x128008000 (20 bytes)
1752574455.023508 sending message 105 to peer 0x128008000 (25 bytes)
1752574455.023511 sending message 105 to peer 0x128008000 (14 bytes)
1752574455.023515 sending message 105 to peer 0x128008000 (15 bytes)
1752574455.023518 sending message 105 to peer 0x128008000 (29 bytes)
1752574455.023521 sending message 105 to peer 0x128008000 (23 bytes)
1752574455.023524 sending message 105 to peer 0x128008000 (60 bytes)
1752574455.023527 sending message 105 to peer 0x128008000 (38 bytes)
1752574455.023530 sending message 105 to peer 0x128008000 (30 bytes)
1752574455.023534 sending message 105 to peer 0x128008000 (37 bytes)
1752574455.023537 sending message 105 to peer 0x128008000 (70 bytes)
1752574455.023540 sending message 105 to peer 0x128008000 (35 bytes)
1752574455.023543 sending message 105 to peer 0x128008000 (8 bytes)
1752574455.023546 sending message 105 to peer 0x128008000 (32 bytes)
1752574455.023550 sending message 105 to peer 0x128008000 (96 bytes)
1752574455.023553 sending message 105 to peer 0x128008000 (30 bytes)
1752574455.023556 sending message 105 to peer 0x128008000 (57 bytes)
1752574455.023559 sending message 105 to peer 0x128008000 (133 bytes)
1752574455.023562 sending message 105 to peer 0x128008000 (26 bytes)
1752574455.023565 sending message 105 to peer 0x128008000 (20 bytes)
1752574455.023568 sending message 105 to peer 0x128008000 (29 bytes)
1752574455.023572 sending message 105 to peer 0x128008000 (17 bytes)
1752574455.023575 sending message 105 to peer 0x128008000 (20 bytes)
1752574455.023578 sending message 105 to peer 0x128008000 (103 bytes)
1752574455.023581 sending message 105 to peer 0x128008000 (142 bytes)
1752574455.023584 sending message 105 to peer 0x128008000 (31 bytes)
1752574455.023587 sending message 105 to peer 0x128008000 (120 bytes)
1752574455.023591 sending message 105 to peer 0x128008000 (98 bytes)
1752574455.023594 sending message 105 to peer 0x128008000 (19 bytes)
1752574455.023597 sending message 105 to peer 0x128008000 (50 bytes)
1752574455.023600 sending message 105 to peer 0x128008000 (43 bytes)
1752574455.023603 sending message 105 to peer 0x128008000 (29 bytes)
1752574455.023606 sending message 105 to peer 0x128008000 (10 bytes)
1752574455.023609 sending message 105 to peer 0x128008000 (12 bytes)
1752574455.023613 sending message 105 to peer 0x128008000 (22 bytes)
1752574455.023616 sending message 105 to peer 0x128008000 (12 bytes)
1752574455.023619 sending message 105 to peer 0x128008000 (45 bytes)
1752574455.023622 sending message 106 to peer 0x128008000 (0 bytes)
1752574455.023708 sending message 200 to peer 0x128008000 (4 bytes)
1752574455.023713 client loop enter
1752574455.028224 peer 0x128008000 message 207
1752574455.028253 sending message 208 to peer 0x128008000 (0 bytes)
1752574457.640577 peer 0x128008000 message 201
1752574457.640621 sending message 205 to peer 0x128008000 (0 bytes)
1752574457.641308 peer 0x128008000 message 204
1752574457.641323 client loop exit
